============================= test session starts =============================
platform win32 -- Python 3.13.7, pytest-9.0.3, pluggy-1.6.0 -- C:\Users\eucal\AppData\Local\Programs\Python\Python313\python.exe
cachedir: .pytest_cache
rootdir: C:\users\eucal\projeto
plugins: anyio-4.13.0
collecting ... collected 671 items / 573 deselected / 98 selected

ATT/tests/test_decision.py::test_compute_decision_from_payoff_should_work_without_alias_legacy_aba PASSED [  1%]
ATT/tests/test_derived_service.py::test_save_payoff_from_canonical_payload_should_use_resolved_storage_key PASSED [  2%]
ATT/tests/test_derived_service.py::test_save_decision_from_canonical_payload_should_enrich_meta PASSED [  3%]
ATT/tests/test_derived_service.py::test_save_decision_preserva_structure_id_explicito_sem_alias PASSED [  4%]
ATT/tests/test_orchestrator_run_methods.py::TestRequestToPayoffDict::test_chaves_raiz_presentes PASSED [  5%]
ATT/tests/test_orchestrator_run_methods.py::TestRequestToPayoffDict::test_structure_fields PASSED [  6%]
ATT/tests/test_orchestrator_run_methods.py::TestRequestToPayoffDict::test_leg_fields PASSED [  7%]
ATT/tests/test_orchestrator_run_methods.py::TestRequestToPayoffDict::test_market_fields PASSED [  8%]
ATT/tests/test_orchestrator_run_methods.py::TestRequestToPayoffDict::test_extra_meta_propagado PASSED [  9%]
ATT/tests/test_orchestrator_run_methods.py::TestRequestToPayoffDict::test_meta_default_vazio PASSED [ 10%]
ATT/tests/test_orchestrator_run_methods.py::TestRequestToPayoffDict::test_multiplas_legs PASSED [ 11%]
ATT/tests/test_orchestrator_run_methods.py::TestRunPayoff::test_chama_dominio_com_dict_correto PASSED [ 12%]
ATT/tests/test_orchestrator_run_methods.py::TestRunPayoff::test_parametros_de_range_repassados PASSED [ 13%]
ATT/tests/test_orchestrator_run_methods.py::TestRunPayoff::test_extra_meta_repassado PASSED [ 14%]
ATT/tests/test_orchestrator_run_methods.py::TestRunPayoff::test_retorna_resultado_do_dominio PASSED [ 15%]
ATT/tests/test_orchestrator_run_methods.py::TestRunDecision::test_chama_dominio_com_contract_correto PASSED [ 16%]
ATT/tests/test_orchestrator_run_methods.py::TestRunDecision::test_payoff_dict_repassado PASSED [ 17%]
ATT/tests/test_orchestrator_run_methods.py::TestRunDecision::test_defaults_pl_zerados PASSED [ 18%]
ATT/tests/test_orchestrator_run_methods.py::TestRunDecision::test_dte_min_none_quando_omitido PASSED [ 19%]
ATT/tests/test_orchestrator_run_methods.py::TestRunDecision::test_retorna_resultado_do_dominio PASSED [ 20%]
ATT/tests/test_orchestrator_run_methods.py::TestRunPayoffIntegration::test_sanidade_run_payoff_call_chain PASSED [ 21%]
ATT/tests/test_payoff_canonical.py::test_compute_payoff_from_canonical_input_should_preserve_canonical_metadata PASSED [ 22%]
ATT/tests/test_payoff_chart.py::TestFormatters::test_brl_abbrev_below_1k PASSED [ 23%]
ATT/tests/test_payoff_chart.py::TestFormatters::test_brl_abbrev_billions PASSED [ 24%]
ATT/tests/test_payoff_chart.py::TestFormatters::test_brl_abbrev_invalid PASSED [ 25%]
ATT/tests/test_payoff_chart.py::TestFormatters::test_brl_abbrev_millions PASSED [ 26%]
ATT/tests/test_payoff_chart.py::TestFormatters::test_brl_abbrev_negative PASSED [ 27%]
ATT/tests/test_payoff_chart.py::TestFormatters::test_brl_abbrev_thousands PASSED [ 28%]
ATT/tests/test_payoff_chart.py::TestFormatters::test_fmt_currency_br_basic PASSED [ 29%]
ATT/tests/test_payoff_chart.py::TestFormatters::test_fmt_currency_br_negative PASSED [ 30%]
ATT/tests/test_payoff_chart.py::TestFormatters::test_fmt_number_br_basic PASSED [ 31%]
ATT/tests/test_payoff_chart.py::TestFormatters::test_fmt_number_br_custom_decimals PASSED [ 32%]
ATT/tests/test_payoff_chart.py::TestFormatters::test_fmt_number_br_million PASSED [ 33%]
ATT/tests/test_payoff_chart.py::TestFormatters::test_fmt_number_br_negative PASSED [ 34%]
ATT/tests/test_payoff_chart.py::TestFormatters::test_fmt_number_br_zero PASSED [ 35%]
ATT/tests/test_payoff_chart.py::TestFindBreakevens::test_deduplication PASSED [ 36%]
ATT/tests/test_payoff_chart.py::TestFindBreakevens::test_empty_inputs PASSED [ 37%]
ATT/tests/test_payoff_chart.py::TestFindBreakevens::test_interpolated_crossing PASSED [ 38%]
ATT/tests/test_payoff_chart.py::TestFindBreakevens::test_mismatched_lengths PASSED [ 39%]
ATT/tests/test_payoff_chart.py::TestFindBreakevens::test_no_crossing PASSED [ 40%]
ATT/tests/test_payoff_chart.py::TestFindBreakevens::test_single_crossing_zero PASSED [ 41%]
ATT/tests/test_payoff_chart.py::TestFindBreakevens::test_touching_zero_without_crossing PASSED [ 42%]
ATT/tests/test_payoff_chart.py::TestFindBreakevens::test_two_crossings PASSED [ 43%]
ATT/tests/test_payoff_chart.py::TestInterpYAtX::test_empty_returns_none PASSED [ 44%]
ATT/tests/test_payoff_chart.py::TestInterpYAtX::test_exact_point PASSED  [ 45%]
ATT/tests/test_payoff_chart.py::TestInterpYAtX::test_midpoint_interpolation PASSED [ 46%]
ATT/tests/test_payoff_chart.py::TestInterpYAtX::test_mismatched_returns_none PASSED [ 47%]
ATT/tests/test_payoff_chart.py::TestInterpYAtX::test_negative_ys PASSED  [ 48%]
ATT/tests/test_payoff_chart.py::TestInterpYAtX::test_out_of_range_returns_none PASSED [ 50%]
ATT/tests/test_payoff_chart.py::TestInterpYAtX::test_single_segment_boundary_right PASSED [ 51%]
ATT/tests/test_payoff_chart.py::TestExtractXY::test_dict_pnl PASSED      [ 52%]
ATT/tests/test_payoff_chart.py::TestExtractXY::test_dict_point_spot_point_pl PASSED [ 53%]
ATT/tests/test_payoff_chart.py::TestExtractXY::test_dict_spot_pl PASSED  [ 54%]
ATT/tests/test_payoff_chart.py::TestExtractXY::test_dict_x_y PASSED      [ 55%]
ATT/tests/test_payoff_chart.py::TestExtractXY::test_list_format PASSED   [ 56%]
ATT/tests/test_payoff_chart.py::TestExtractXY::test_tuple_format PASSED  [ 57%]
ATT/tests/test_payoff_chart.py::TestExtractXY::test_unknown_format_returns_none PASSED [ 58%]
ATT/tests/test_payoff_chart.py::TestPayoffChartState::test_clear_comparison_removes_fixed PASSED [ 59%]
ATT/tests/test_payoff_chart.py::TestPayoffChartState::test_clear_resets_state PASSED [ 60%]
ATT/tests/test_payoff_chart.py::TestPayoffChartState::test_fix_current_curve_sets_fixed PASSED [ 61%]
ATT/tests/test_payoff_chart.py::TestPayoffChartState::test_fix_curve_color_is_red PASSED [ 62%]
ATT/tests/test_payoff_chart.py::TestPayoffChartState::test_fix_curve_label PASSED [ 63%]
ATT/tests/test_payoff_chart.py::TestPayoffChartState::test_fix_empty_clears_fixed PASSED [ 64%]
ATT/tests/test_payoff_chart.py::TestPayoffChartState::test_get_last_overlays_structure PASSED [ 65%]
ATT/tests/test_payoff_chart.py::TestPayoffChartState::test_title_fallback_to_aba PASSED [ 66%]
ATT/tests/test_payoff_chart.py::TestPayoffChartState::test_title_uses_structure_id PASSED [ 67%]
ATT/tests/test_payoff_chart.py::TestPayoffChartState::test_update_chart_empty_returns_dict PASSED [ 68%]
ATT/tests/test_payoff_chart.py::TestPayoffChartState::test_update_chart_finds_breakeven PASSED [ 69%]
ATT/tests/test_payoff_chart.py::TestPayoffChartState::test_update_chart_no_breakeven_flat PASSED [ 70%]
ATT/tests/test_payoff_chart.py::TestPayoffChartState::test_update_chart_pl_at_spot_ref PASSED [ 71%]
ATT/tests/test_payoff_chart.py::TestPayoffChartState::test_update_chart_saves_decision_data PASSED [ 72%]
ATT/tests/test_payoff_chart.py::TestPayoffChartState::test_update_chart_saves_points PASSED [ 73%]
ATT/tests/test_payoff_chart.py::TestPayoffChartState::test_update_chart_spot_ref_none_when_missing PASSED [ 74%]
ATT/tests/test_payoff_chart.py::TestPayoffChartState::test_update_chart_with_list_points PASSED [ 75%]
ATT/tests/test_payoff_chart.py::TestPayoffChartState::test_update_chart_with_tuple_points PASSED [ 76%]
ATT/tests/test_payoff_chart.py::TestPayoffChartRobustness::test_find_breakevens_constant_positive PASSED [ 77%]
ATT/tests/test_payoff_chart.py::TestPayoffChartRobustness::test_find_breakevens_single_point PASSED [ 78%]
ATT/tests/test_payoff_chart.py::TestPayoffChartRobustness::test_fix_and_update_keeps_fixed_curve PASSED [ 79%]
ATT/tests/test_payoff_chart.py::TestPayoffChartRobustness::test_interp_same_x_values PASSED [ 80%]
ATT/tests/test_payoff_chart.py::TestPayoffChartRobustness::test_update_chart_all_zero_pl PASSED [ 81%]
ATT/tests/test_payoff_chart.py::TestPayoffChartRobustness::test_update_chart_invalid_pl_skipped PASSED [ 82%]
ATT/tests/test_payoff_chart.py::TestPayoffChartRobustness::test_update_chart_none_decision_data PASSED [ 83%]
ATT/tests/test_payoff_chart.py::TestPayoffChartRobustness::test_update_chart_single_point PASSED [ 84%]
ATT/tests/test_payoff_pricing_engine.py::test_run_returns_payoff_based_metrics_and_valuation PASSED [ 85%]
ATT/tests/test_payoff_pricing_engine.py::test_run_accepts_position_side_alias PASSED [ 86%]
ATT/tests/test_payoff_pricing_engine.py::test_run_raises_when_pricing_payload_is_missing PASSED [ 87%]
ATT/tests/test_payoff_pricing_engine.py::test_run_raises_when_legs_are_missing PASSED [ 88%]
ATT/tests/test_payoff_pricing_engine.py::test_run_raises_when_spot_price_is_missing PASSED [ 89%]
ATT/tests/test_structure_analysis_service.py::test_structure_analysis_service_analyze_returns_structured_decision_for_invalid_payoff PASSED [ 90%]
ATT/tests/test_structure_analysis_service.py::test_structure_analysis_service_passes_effective_dte_to_decision PASSED [ 91%]
ATT/tests/test_ui_data_migration.py::test_decisions_nao_vazia PASSED     [ 92%]
ATT/tests/test_ui_data_migration.py::test_decisions_tem_structure_id PASSED [ 93%]
ATT/tests/test_ui_data_migration.py::test_decisions_tem_aba PASSED       [ 94%]
ATT/tests/test_ui_data_migration.py::test_decisions_tem_timestamp PASSED [ 95%]
ATT/tests/test_ui_data_migration.py::test_payoff_curve_info_retorna_dados PASSED [ 96%]
ATT/tests/test_ui_data_migration.py::test_payoff_curve_info_tem_structure_id PASSED [ 97%]
ATT/tests/test_ui_data_migration.py::test_payoff_curve_info_aba_continuidade PASSED [ 98%]
ATT/tests/test_ui_data_migration.py::test_payoff_curve_info_pontos_validos PASSED [100%]

===================== 98 passed, 573 deselected in 2.95s ======================
