============================= test session starts =============================
platform win32 -- Python 3.13.7, pytest-9.0.3, pluggy-1.6.0
rootdir: C:\users\eucal\projeto
plugins: anyio-4.13.0
collected 26 items

ATT\tests\test_canonical_pricing_facade_rtd_price_resolution.py ........ [ 30%]
.............                                                            [ 80%]
ATT\tests\test_canonical_pricing_facade_execute_pricing_rtd_integration.py . [ 84%]
....                                                                     [100%]

============================= 26 passed in 1.44s ==============================
