============================= test session starts =============================
platform win32 -- Python 3.13.7, pytest-9.0.3, pluggy-1.6.0
rootdir: C:\users\eucal\projeto
plugins: anyio-4.13.0
collected 655 items / 630 deselected / 25 selected

ATT\tests\test_audit_rtd_option_quotes.py .......                        [ 28%]
ATT\tests\test_canonical_pricing_facade_rtd_db_path.py ...               [ 40%]
ATT\tests\test_rtd_option_quotes_repository_contract.py ......           [ 64%]
ATT\tests\test_run_rtd_option_quotes_pipeline.py .........               [100%]

===================== 25 passed, 630 deselected in 3.18s ======================
